C51 COMPILER V9.52.0.0   GPIO                                                              01/16/2018 19:45:15 PAGE 1   


C51 COMPILER V9.52.0.0, COMPILATION OF MODULE GPIO
OBJECT MODULE PLACED IN .\Output\GPIO.obj
COMPILER INVOKED BY: C:\Keil_v5_C51\C51\BIN\C51.EXE Code\GPIO.C BROWSE NOINTPROMOTE INCDIR(.\Code;.\Code\MyPt;.\Code\MyP
                    -t\pt-1.4) DEFINE(FOSC_160000) DEBUG OBJECTEXTEND PRINT(.\LST\GPIO.lst) OBJECT(.\Output\GPIO.obj)

line level    source

   1          /*--------------------------------------------------------------------------------------------------------
             --*/
   2          /*                                                                                                        
             - */
   3          /* Copyright(c) 2017 Nuvoton Technology Corp. All rights reserved.                                        
             - */
   4          /*                                                                                                        
             - */
   5          /*--------------------------------------------------------------------------------------------------------
             --*/
   6          
   7          //********************************************************************************************************
             -***
   8          //  Website: http://www.nuvoton.com
   9          //  E-Mail : MicroC-8bit@nuvoton.com
  10          //  Date   : Jan/21/2017
  11          //********************************************************************************************************
             -***
  12          
  13          //********************************************************************************************************
             -***
  14          //  File Function: N76E003 GPIO demo code
  15          //********************************************************************************************************
             -***
  16          #include "N76E003.h"
  17          #include "typedef.h"
  18          
  19          
  20          
  21          /*
  22          FLASH:  18KB
  23          
  24          DATA:   128KB
  25          IDATA:  127KB
  26          XDATA:  768KB
  27          
  28          */
  29          
  30          
  31          
  32          data  uint8_t   data_buff0[1];//128 bytes
  33          idata uint8_t   idata_buff1[1];//127 bytes
  34          xdata uint8_t   xdata_buff2[1];//768 bytes
  35          
  36          
  37          
  38          void main (void)
  39          {
  40   1      
  41   1          while(1)
  42   1          {
  43   2      
  44   2              P0 = 0x00;
  45   2              P2 = 0x00;
C51 COMPILER V9.52.0.0   GPIO                                                              01/16/2018 19:45:15 PAGE 2   

  46   2              P1 = 0x00;
  47   2      
  48   2              P0 = 0xff;
  49   2              P2 = 0xff;
  50   2              P1 = 0xff;
  51   2      
  52   2          }
  53   1      
  54   1      
  55   1      }
  56          
  57          
  58          


MODULE INFORMATION:   STATIC OVERLAYABLE
   CODE SIZE        =     18    ----
   CONSTANT SIZE    =   ----    ----
   XDATA SIZE       =      1    ----
   PDATA SIZE       =   ----    ----
   DATA SIZE        =      1    ----
   IDATA SIZE       =      1    ----
   BIT SIZE         =   ----    ----
END OF MODULE INFORMATION.


C51 COMPILATION COMPLETE.  0 WARNING(S),  0 ERROR(S)
