C51 COMPILER V9.52.0.0   SYSTICK                                                           08/07/2019 16:00:35 PAGE 1   


C51 COMPILER V9.52.0.0, COMPILATION OF MODULE SYSTICK
OBJECT MODULE PLACED IN .\Output\systick.obj
COMPILER INVOKED BY: F:\Program Files (x86)\KEIL_C51\C51\BIN\C51.EXE Code\MyPt\systick.c LARGE BROWSE NOINTPROMOTE INCDI
                    -R(.\Code;.\Code\MyPt;.\Code\MyPt\pt-1.4) DEFINE(FOSC_160000) DEBUG OBJECTEXTEND PRINT(.\LST\systick.lst) OBJECT(.\Output
                    -\systick.obj)

line level    source

   1          #include "systick.h"
   2          #include "m_include.h"
   3          /*---------------------------------------------------------------------------*/
   4          /** \brief
   5           *
   6           * \param
   7           * \param
   8           * \return
   9           *
  10           */
  11          volatile u32 gU32Systick;
  12          /*---------------------------------------------------------------------------*/
  13          /** \brief  systick init
  14           *
  15           * \param
  16           * \param
  17           * \return
  18           *
  19           */
  20          
  21          void SysTickInit(void)
  22          {
  23   1          /* SYSTICK configuration */
  24   1          
  25   1          WdogInit();
  26   1          //
  27   1          //1ms
  28   1          DI();
  29   1          //add you code here
  30   1          
  31   1          //TIMER2_DIV_4 TIMER2_Auto_Reload_Delay_Mode
  32   1          T2MOD=0x98;
  33   1          T2CON=0x00;
  34   1      
  35   1          RCMP2L = 65536-4000;
  36   1          RCMP2H = (65536-4000)>>8;
  37   1          TL2 = 0;
  38   1          TH2 = 0;
  39   1      
  40   1          EIE|= SET_BIT7;
  41   1          TR2=1;
  42   1      
  43   1          EI();
  44   1      }
  45          
  46          /*---------------------------------------------------------------------------*/
  47          /** \brief  watchdog init
  48           *
  49           * \param
  50           * \param
  51           * \return
  52           *
  53           */
C51 COMPILER V9.52.0.0   SYSTICK                                                           08/07/2019 16:00:35 PAGE 2   

  54          void WdogInit(void)
  55          {
  56   1         //add you code here
  57   1      }
  58          /*---------------------------------------------------------------------------*/
  59          /** \brief  watchdog reset
  60           *
  61           * \param
  62           * \param
  63           * \return
  64           *
  65           */
  66          void WdogRst(void)
  67          {
  68   1          //add you code here
  69   1      }


MODULE INFORMATION:   STATIC OVERLAYABLE
   CODE SIZE        =     31    ----
   CONSTANT SIZE    =   ----    ----
   XDATA SIZE       =      4    ----
   PDATA SIZE       =   ----    ----
   DATA SIZE        =   ----    ----
   IDATA SIZE       =   ----    ----
   BIT SIZE         =   ----    ----
END OF MODULE INFORMATION.


C51 COMPILATION COMPLETE.  0 WARNING(S),  0 ERROR(S)
